<?xml version="1.0" encoding="UTF-8"?>
<testng-results ignored="0" total="3" passed="3" failed="0" skipped="0">
  <reporter-output>
  </reporter-output>
  <suite started-at="2021-06-05T07:59:56 IST" name="Suite" finished-at="2021-06-05T08:03:30 IST" duration-ms="214084">
    <groups>
    </groups>
    <test started-at="2021-06-05T07:59:56 IST" name="Test" finished-at="2021-06-05T08:03:30 IST" duration-ms="214084">
      <class name="scripts.Addthecoursetocart">
        <test-method is-config="true" signature="openApp()[pri:0, instance:scripts.Addthecoursetocart@2cdd0d4b]" started-at="2021-06-05T07:59:56 IST" name="openApp" finished-at="2021-06-05T08:00:09 IST" duration-ms="13350" status="PASS">
          <reporter-output>
          </reporter-output>
        </test-method> <!-- openApp -->
        <test-method signature="tc1()[pri:0, instance:scripts.Addthecoursetocart@2cdd0d4b]" started-at="2021-06-05T08:00:09 IST" name="tc1" finished-at="2021-06-05T08:00:48 IST" duration-ms="38391" status="PASS">
          <reporter-output>
          </reporter-output>
        </test-method> <!-- tc1 -->
        <test-method is-config="true" signature="closeapp(org.testng.ITestResult)[pri:0, instance:scripts.Addthecoursetocart@2cdd0d4b]" started-at="2021-06-05T08:00:48 IST" name="closeapp" finished-at="2021-06-05T08:00:50 IST" duration-ms="1764" status="PASS">
          <params>
            <param index="0">
              <value>
                <![CDATA[[TestResult name=tc1 status=SUCCESS method=Addthecoursetocart.tc1()[pri:0, instance:scripts.Addthecoursetocart@2cdd0d4b] output={null}]]]>
              </value>
            </param>
          </params>
          <reporter-output>
          </reporter-output>
        </test-method> <!-- closeapp -->
      </class> <!-- scripts.Addthecoursetocart -->
      <class name="scripts.Facebooklike">
        <test-method is-config="true" signature="openApp()[pri:0, instance:scripts.Facebooklike@7e9131d5]" started-at="2021-06-05T08:00:50 IST" name="openApp" finished-at="2021-06-05T08:01:00 IST" duration-ms="10000" status="PASS">
          <reporter-output>
          </reporter-output>
        </test-method> <!-- openApp -->
        <test-method signature="tc2()[pri:0, instance:scripts.Facebooklike@7e9131d5]" started-at="2021-06-05T08:01:00 IST" name="tc2" finished-at="2021-06-05T08:02:34 IST" duration-ms="94742" status="PASS">
          <reporter-output>
          </reporter-output>
        </test-method> <!-- tc2 -->
        <test-method is-config="true" signature="closeapp(org.testng.ITestResult)[pri:0, instance:scripts.Facebooklike@7e9131d5]" started-at="2021-06-05T08:02:34 IST" name="closeapp" finished-at="2021-06-05T08:02:36 IST" duration-ms="1613" status="PASS">
          <params>
            <param index="0">
              <value>
                <![CDATA[[TestResult name=tc2 status=SUCCESS method=Facebooklike.tc2()[pri:0, instance:scripts.Facebooklike@7e9131d5] output={null}]]]>
              </value>
            </param>
          </params>
          <reporter-output>
          </reporter-output>
        </test-method> <!-- closeapp -->
      </class> <!-- scripts.Facebooklike -->
      <class name="scripts.TakeTheCourse">
        <test-method is-config="true" signature="openApp()[pri:0, instance:scripts.TakeTheCourse@2e1d27ba]" started-at="2021-06-05T08:02:36 IST" name="openApp" finished-at="2021-06-05T08:02:46 IST" duration-ms="10151" status="PASS">
          <reporter-output>
          </reporter-output>
        </test-method> <!-- openApp -->
        <test-method signature="tc3()[pri:0, instance:scripts.TakeTheCourse@2e1d27ba]" started-at="2021-06-05T08:02:46 IST" name="tc3" finished-at="2021-06-05T08:03:29 IST" duration-ms="42424" status="PASS">
          <reporter-output>
          </reporter-output>
        </test-method> <!-- tc3 -->
        <test-method is-config="true" signature="closeapp(org.testng.ITestResult)[pri:0, instance:scripts.TakeTheCourse@2e1d27ba]" started-at="2021-06-05T08:03:29 IST" name="closeapp" finished-at="2021-06-05T08:03:30 IST" duration-ms="1526" status="PASS">
          <params>
            <param index="0">
              <value>
                <![CDATA[[TestResult name=tc3 status=SUCCESS method=TakeTheCourse.tc3()[pri:0, instance:scripts.TakeTheCourse@2e1d27ba] output={null}]]]>
              </value>
            </param>
          </params>
          <reporter-output>
          </reporter-output>
        </test-method> <!-- closeapp -->
      </class> <!-- scripts.TakeTheCourse -->
    </test> <!-- Test -->
  </suite> <!-- Suite -->
</testng-results>
